<?xml version="1.0" encoding="UTF-8"?>
<testsuite name="com.example.task07.Tests" tests="3" skipped="0" failures="0" errors="0" timestamp="2022-11-21T00:06:34" hostname="DESKTOP-EFJFVSS" time="0.806">
  <properties/>
  <testcase name="testCountExceptions_none" classname="com.example.task07.Tests" time="0.779"/>
  <testcase name="testCountExceptions_checked" classname="com.example.task07.Tests" time="0.007"/>
  <testcase name="testCountExceptions_unchecked" classname="com.example.task07.Tests" time="0.005"/>
  <system-out><![CDATA[]]></system-out>
  <system-err><![CDATA[]]></system-err>
</testsuite>
